<?xml version="1.0" encoding="UTF-8"?>
<!-- Generated by org.testng.reporters.JUnitReportReporter -->
<testsuite hostname="Zankhanas-Air.ht.home" failures="0" tests="3" name="testcases.LoginPageTest" time="18.618" errors="0" timestamp="2022-07-05T12:42:08 EDT" skipped="0">
  <testcase classname="testcases.LoginPageTest" name="loginPageTitleTest" time="3.366"/>
  <system-out/>
  <testcase classname="testcases.LoginPageTest" name="crmLogoImageTest" time="3.631"/>
  <system-out/>
  <testcase classname="testcases.LoginPageTest" name="loginTest" time="11.621"/>
  <system-out/>
</testsuite> <!-- testcases.LoginPageTest -->
